2022-07-04T09:42:23+00:00 CRITICAL Uncaught Error: Non-static method DMS_Deactivator::deactivate() cannot be called statically in C:\xampp\htdocs\Sethtronics\wp-content\plugins\delivery-management-system\dms.php:58
Stack trace:
#0 C:\xampp\htdocs\Sethtronics\wp-includes\class-wp-hook.php(307): deactivate_dms(false)
#1 C:\xampp\htdocs\Sethtronics\wp-includes\class-wp-hook.php(331): WP_Hook->apply_filters('', Array)
#2 C:\xampp\htdocs\Sethtronics\wp-includes\plugin.php(476): WP_Hook->do_action(Array)
#3 C:\xampp\htdocs\Sethtronics\wp-admin\includes\plugin.php(814): do_action('deactivate_deli...', false)
#4 C:\xampp\htdocs\Sethtronics\wp-admin\plugins.php(209): deactivate_plugins('delivery-manage...', false, false)
#5 {main}
  thrown in C:\xampp\htdocs\Sethtronics\wp-content\plugins\delivery-management-system\dms.php on line 58

2022-07-04T10:24:31+00:00 CRITICAL Uncaught Error: Undefined constant "IS_PROFILE_PAGE" in C:\xampp\htdocs\Sethtronics\wp-content\plugins\delivery-management-system\admin\class-dms-admin.php:126
Stack trace:
#0 C:\xampp\htdocs\Sethtronics\wp-includes\class-wp-hook.php(307): Plugin_Name_Admin->my_admin_menu('')
#1 C:\xampp\htdocs\Sethtronics\wp-includes\class-wp-hook.php(331): WP_Hook->apply_filters(NULL, Array)
#2 C:\xampp\htdocs\Sethtronics\wp-includes\plugin.php(476): WP_Hook->do_action(Array)
#3 C:\xampp\htdocs\Sethtronics\wp-admin\includes\menu.php(155): do_action('admin_menu', '')
#4 C:\xampp\htdocs\Sethtronics\wp-admin\menu.php(394): require_once('C:\\xampp\\htdocs...')
#5 C:\xampp\htdocs\Sethtronics\wp-admin\admin.php(158): require('C:\\xampp\\htdocs...')
#6 C:\xampp\htdocs\Sethtronics\wp-admin\index.php(10): require_once('C:\\xampp\\htdocs...')
#7 {main}
  thrown in C:\xampp\htdocs\Sethtronics\wp-content\plugins\delivery-management-system\admin\class-dms-admin.php on line 126

2022-07-04T10:24:37+00:00 CRITICAL Uncaught Error: Undefined constant "IS_PROFILE_PAGE" in C:\xampp\htdocs\Sethtronics\wp-content\plugins\delivery-management-system\admin\class-dms-admin.php:126
Stack trace:
#0 C:\xampp\htdocs\Sethtronics\wp-includes\class-wp-hook.php(307): Plugin_Name_Admin->my_admin_menu('')
#1 C:\xampp\htdocs\Sethtronics\wp-includes\class-wp-hook.php(331): WP_Hook->apply_filters(NULL, Array)
#2 C:\xampp\htdocs\Sethtronics\wp-includes\plugin.php(476): WP_Hook->do_action(Array)
#3 C:\xampp\htdocs\Sethtronics\wp-admin\includes\menu.php(155): do_action('admin_menu', '')
#4 C:\xampp\htdocs\Sethtronics\wp-admin\menu.php(394): require_once('C:\\xampp\\htdocs...')
#5 C:\xampp\htdocs\Sethtronics\wp-admin\admin.php(158): require('C:\\xampp\\htdocs...')
#6 C:\xampp\htdocs\Sethtronics\wp-admin\index.php(10): require_once('C:\\xampp\\htdocs...')
#7 {main}
  thrown in C:\xampp\htdocs\Sethtronics\wp-content\plugins\delivery-management-system\admin\class-dms-admin.php on line 126

2022-07-04T10:27:35+00:00 CRITICAL Uncaught Error: Undefined constant "IS_PROFILE_PAGE" in C:\xampp\htdocs\Sethtronics\wp-content\plugins\delivery-management-system\admin\class-dms-admin.php:126
Stack trace:
#0 C:\xampp\htdocs\Sethtronics\wp-includes\class-wp-hook.php(307): Plugin_Name_Admin->my_admin_menu('')
#1 C:\xampp\htdocs\Sethtronics\wp-includes\class-wp-hook.php(331): WP_Hook->apply_filters(NULL, Array)
#2 C:\xampp\htdocs\Sethtronics\wp-includes\plugin.php(476): WP_Hook->do_action(Array)
#3 C:\xampp\htdocs\Sethtronics\wp-admin\includes\menu.php(155): do_action('admin_menu', '')
#4 C:\xampp\htdocs\Sethtronics\wp-admin\menu.php(394): require_once('C:\\xampp\\htdocs...')
#5 C:\xampp\htdocs\Sethtronics\wp-admin\admin.php(158): require('C:\\xampp\\htdocs...')
#6 C:\xampp\htdocs\Sethtronics\wp-admin\index.php(10): require_once('C:\\xampp\\htdocs...')
#7 {main}
  thrown in C:\xampp\htdocs\Sethtronics\wp-content\plugins\delivery-management-system\admin\class-dms-admin.php on line 126

2022-07-04T10:27:56+00:00 CRITICAL Uncaught Error: Undefined constant "IS_PROFILE_PAGE" in C:\xampp\htdocs\Sethtronics\wp-content\plugins\delivery-management-system\admin\class-dms-admin.php:126
Stack trace:
#0 C:\xampp\htdocs\Sethtronics\wp-includes\class-wp-hook.php(307): Plugin_Name_Admin->my_admin_menu('')
#1 C:\xampp\htdocs\Sethtronics\wp-includes\class-wp-hook.php(331): WP_Hook->apply_filters(NULL, Array)
#2 C:\xampp\htdocs\Sethtronics\wp-includes\plugin.php(476): WP_Hook->do_action(Array)
#3 C:\xampp\htdocs\Sethtronics\wp-admin\includes\menu.php(155): do_action('admin_menu', '')
#4 C:\xampp\htdocs\Sethtronics\wp-admin\menu.php(394): require_once('C:\\xampp\\htdocs...')
#5 C:\xampp\htdocs\Sethtronics\wp-admin\admin.php(158): require('C:\\xampp\\htdocs...')
#6 C:\xampp\htdocs\Sethtronics\wp-admin\index.php(10): require_once('C:\\xampp\\htdocs...')
#7 {main}
  thrown in C:\xampp\htdocs\Sethtronics\wp-content\plugins\delivery-management-system\admin\class-dms-admin.php on line 126

2022-07-04T10:28:26+00:00 CRITICAL Uncaught Error: Undefined constant "IS_PROFILE_PAGE" in C:\xampp\htdocs\Sethtronics\wp-content\plugins\delivery-management-system\admin\class-dms-admin.php:126
Stack trace:
#0 C:\xampp\htdocs\Sethtronics\wp-includes\class-wp-hook.php(307): Plugin_Name_Admin->my_admin_menu('')
#1 C:\xampp\htdocs\Sethtronics\wp-includes\class-wp-hook.php(331): WP_Hook->apply_filters(NULL, Array)
#2 C:\xampp\htdocs\Sethtronics\wp-includes\plugin.php(476): WP_Hook->do_action(Array)
#3 C:\xampp\htdocs\Sethtronics\wp-admin\includes\menu.php(155): do_action('admin_menu', '')
#4 C:\xampp\htdocs\Sethtronics\wp-admin\menu.php(394): require_once('C:\\xampp\\htdocs...')
#5 C:\xampp\htdocs\Sethtronics\wp-admin\admin.php(158): require('C:\\xampp\\htdocs...')
#6 C:\xampp\htdocs\Sethtronics\wp-admin\index.php(10): require_once('C:\\xampp\\htdocs...')
#7 {main}
  thrown in C:\xampp\htdocs\Sethtronics\wp-content\plugins\delivery-management-system\admin\class-dms-admin.php on line 126

