2022-07-29T04:15:33+00:00 CRITICAL Uncaught Error: Cannot use object of type stdClass as array in C:\xampp\htdocs\Sethtronics\wp-content\plugins\delivery-management-system\admin\partials\dms-dp-orders.php:31
Stack trace:
#0 C:\xampp\htdocs\Sethtronics\wp-content\plugins\delivery-management-system\admin\class-dms-admin.php(176): require_once()
#1 C:\xampp\htdocs\Sethtronics\wp-includes\class-wp-hook.php(307): DMS_Admin->dms_dp_orders('')
#2 C:\xampp\htdocs\Sethtronics\wp-includes\class-wp-hook.php(331): WP_Hook->apply_filters('', Array)
#3 C:\xampp\htdocs\Sethtronics\wp-includes\plugin.php(476): WP_Hook->do_action(Array)
#4 C:\xampp\htdocs\Sethtronics\wp-admin\admin.php(259): do_action('dms_page_dms_dp...')
#5 {main}
  thrown in C:\xampp\htdocs\Sethtronics\wp-content\plugins\delivery-management-system\admin\partials\dms-dp-orders.php on line 31

2022-07-29T04:16:01+00:00 CRITICAL Uncaught Error: Cannot use object of type stdClass as array in C:\xampp\htdocs\Sethtronics\wp-content\plugins\delivery-management-system\admin\partials\dms-dp-orders.php:31
Stack trace:
#0 C:\xampp\htdocs\Sethtronics\wp-content\plugins\delivery-management-system\admin\class-dms-admin.php(176): require_once()
#1 C:\xampp\htdocs\Sethtronics\wp-includes\class-wp-hook.php(307): DMS_Admin->dms_dp_orders('')
#2 C:\xampp\htdocs\Sethtronics\wp-includes\class-wp-hook.php(331): WP_Hook->apply_filters('', Array)
#3 C:\xampp\htdocs\Sethtronics\wp-includes\plugin.php(476): WP_Hook->do_action(Array)
#4 C:\xampp\htdocs\Sethtronics\wp-admin\admin.php(259): do_action('dms_page_dms_dp...')
#5 {main}
  thrown in C:\xampp\htdocs\Sethtronics\wp-content\plugins\delivery-management-system\admin\partials\dms-dp-orders.php on line 31

2022-07-29T04:16:35+00:00 CRITICAL Uncaught Error: Cannot use object of type stdClass as array in C:\xampp\htdocs\Sethtronics\wp-content\plugins\delivery-management-system\admin\partials\dms-dp-orders.php:31
Stack trace:
#0 C:\xampp\htdocs\Sethtronics\wp-content\plugins\delivery-management-system\admin\class-dms-admin.php(176): require_once()
#1 C:\xampp\htdocs\Sethtronics\wp-includes\class-wp-hook.php(307): DMS_Admin->dms_dp_orders('')
#2 C:\xampp\htdocs\Sethtronics\wp-includes\class-wp-hook.php(331): WP_Hook->apply_filters('', Array)
#3 C:\xampp\htdocs\Sethtronics\wp-includes\plugin.php(476): WP_Hook->do_action(Array)
#4 C:\xampp\htdocs\Sethtronics\wp-admin\admin.php(259): do_action('dms_page_dms_dp...')
#5 {main}
  thrown in C:\xampp\htdocs\Sethtronics\wp-content\plugins\delivery-management-system\admin\partials\dms-dp-orders.php on line 31

