2022-07-02T05:17:05+00:00 CRITICAL Uncaught Error: Call to undefined function confirm() in C:\xampp\htdocs\Sethtronics\wp-content\plugins\dms-plugin\templates\dp.php:83
Stack trace:
#0 C:\xampp\htdocs\Sethtronics\wp-content\plugins\dms-plugin\includes\Api\Callbacks\AdminCallbacks.php(20): require_once()
#1 C:\xampp\htdocs\Sethtronics\wp-includes\class-wp-hook.php(307): Inc\Api\Callbacks\AdminCallbacks->adminDP('')
#2 C:\xampp\htdocs\Sethtronics\wp-includes\class-wp-hook.php(331): WP_Hook->apply_filters('', Array)
#3 C:\xampp\htdocs\Sethtronics\wp-includes\plugin.php(476): WP_Hook->do_action(Array)
#4 C:\xampp\htdocs\Sethtronics\wp-admin\admin.php(259): do_action('dms_page_dms_dp')
#5 {main}
  thrown in C:\xampp\htdocs\Sethtronics\wp-content\plugins\dms-plugin\templates\dp.php on line 83

2022-07-02T05:17:18+00:00 CRITICAL Uncaught Error: Call to undefined function confirm() in C:\xampp\htdocs\Sethtronics\wp-content\plugins\dms-plugin\templates\dp.php:83
Stack trace:
#0 C:\xampp\htdocs\Sethtronics\wp-content\plugins\dms-plugin\includes\Api\Callbacks\AdminCallbacks.php(20): require_once()
#1 C:\xampp\htdocs\Sethtronics\wp-includes\class-wp-hook.php(307): Inc\Api\Callbacks\AdminCallbacks->adminDP('')
#2 C:\xampp\htdocs\Sethtronics\wp-includes\class-wp-hook.php(331): WP_Hook->apply_filters('', Array)
#3 C:\xampp\htdocs\Sethtronics\wp-includes\plugin.php(476): WP_Hook->do_action(Array)
#4 C:\xampp\htdocs\Sethtronics\wp-admin\admin.php(259): do_action('dms_page_dms_dp')
#5 {main}
  thrown in C:\xampp\htdocs\Sethtronics\wp-content\plugins\dms-plugin\templates\dp.php on line 83

2022-07-02T05:39:48+00:00 CRITICAL Uncaught Error: Call to undefined function confirm() in C:\xampp\htdocs\Sethtronics\wp-content\plugins\dms-plugin\templates\dp.php:82
Stack trace:
#0 C:\xampp\htdocs\Sethtronics\wp-content\plugins\dms-plugin\includes\Api\Callbacks\AdminCallbacks.php(20): require_once()
#1 C:\xampp\htdocs\Sethtronics\wp-includes\class-wp-hook.php(307): Inc\Api\Callbacks\AdminCallbacks->adminDP('')
#2 C:\xampp\htdocs\Sethtronics\wp-includes\class-wp-hook.php(331): WP_Hook->apply_filters('', Array)
#3 C:\xampp\htdocs\Sethtronics\wp-includes\plugin.php(476): WP_Hook->do_action(Array)
#4 C:\xampp\htdocs\Sethtronics\wp-admin\admin.php(259): do_action('dms_page_dms_dp')
#5 {main}
  thrown in C:\xampp\htdocs\Sethtronics\wp-content\plugins\dms-plugin\templates\dp.php on line 82

2022-07-02T13:36:54+00:00 CRITICAL Uncaught TypeError: call_user_func_array(): Argument #1 ($callback) must be a valid callback, function "bootstrap_enqueue" not found or invalid function name in C:\xampp\htdocs\Sethtronics\wp-includes\class-wp-hook.php:307
Stack trace:
#0 C:\xampp\htdocs\Sethtronics\wp-includes\class-wp-hook.php(331): WP_Hook->apply_filters(NULL, Array)
#1 C:\xampp\htdocs\Sethtronics\wp-includes\plugin.php(476): WP_Hook->do_action(Array)
#2 C:\xampp\htdocs\Sethtronics\wp-admin\admin-header.php(118): do_action('admin_enqueue_s...', 'edit.php')
#3 C:\xampp\htdocs\Sethtronics\wp-admin\edit.php(397): require_once('C:\\xampp\\htdocs...')
#4 {main}
  thrown in C:\xampp\htdocs\Sethtronics\wp-includes\class-wp-hook.php on line 307

2022-07-02T13:36:57+00:00 CRITICAL Uncaught TypeError: call_user_func_array(): Argument #1 ($callback) must be a valid callback, function "bootstrap_enqueue" not found or invalid function name in C:\xampp\htdocs\Sethtronics\wp-includes\class-wp-hook.php:307
Stack trace:
#0 C:\xampp\htdocs\Sethtronics\wp-includes\class-wp-hook.php(331): WP_Hook->apply_filters(NULL, Array)
#1 C:\xampp\htdocs\Sethtronics\wp-includes\plugin.php(476): WP_Hook->do_action(Array)
#2 C:\xampp\htdocs\Sethtronics\wp-admin\admin-header.php(118): do_action('admin_enqueue_s...', 'toplevel_page_d...')
#3 C:\xampp\htdocs\Sethtronics\wp-admin\admin.php(239): require_once('C:\\xampp\\htdocs...')
#4 {main}
  thrown in C:\xampp\htdocs\Sethtronics\wp-includes\class-wp-hook.php on line 307

2022-07-02T13:38:37+00:00 CRITICAL Uncaught TypeError: call_user_func_array(): Argument #1 ($callback) must be a valid callback, function "bootstrap_enqueue" not found or invalid function name in C:\xampp\htdocs\Sethtronics\wp-includes\class-wp-hook.php:307
Stack trace:
#0 C:\xampp\htdocs\Sethtronics\wp-includes\class-wp-hook.php(331): WP_Hook->apply_filters(NULL, Array)
#1 C:\xampp\htdocs\Sethtronics\wp-includes\plugin.php(476): WP_Hook->do_action(Array)
#2 C:\xampp\htdocs\Sethtronics\wp-admin\admin-header.php(118): do_action('admin_enqueue_s...', 'toplevel_page_d...')
#3 C:\xampp\htdocs\Sethtronics\wp-admin\admin.php(239): require_once('C:\\xampp\\htdocs...')
#4 {main}
  thrown in C:\xampp\htdocs\Sethtronics\wp-includes\class-wp-hook.php on line 307

2022-07-02T13:42:00+00:00 CRITICAL Uncaught TypeError: call_user_func_array(): Argument #1 ($callback) must be a valid callback, function "load_custom_wp_admin_style" not found or invalid function name in C:\xampp\htdocs\Sethtronics\wp-includes\class-wp-hook.php:307
Stack trace:
#0 C:\xampp\htdocs\Sethtronics\wp-includes\class-wp-hook.php(331): WP_Hook->apply_filters(NULL, Array)
#1 C:\xampp\htdocs\Sethtronics\wp-includes\plugin.php(476): WP_Hook->do_action(Array)
#2 C:\xampp\htdocs\Sethtronics\wp-admin\admin-header.php(118): do_action('admin_enqueue_s...', 'plugins.php')
#3 C:\xampp\htdocs\Sethtronics\wp-admin\plugins.php(605): require_once('C:\\xampp\\htdocs...')
#4 {main}
  thrown in C:\xampp\htdocs\Sethtronics\wp-includes\class-wp-hook.php on line 307

2022-07-02T13:54:53+00:00 CRITICAL Uncaught TypeError: call_user_func_array(): Argument #1 ($callback) must be a valid callback, function "load_scripts" not found or invalid function name in C:\xampp\htdocs\Sethtronics\wp-includes\class-wp-hook.php:307
Stack trace:
#0 C:\xampp\htdocs\Sethtronics\wp-includes\class-wp-hook.php(331): WP_Hook->apply_filters('', Array)
#1 C:\xampp\htdocs\Sethtronics\wp-includes\plugin.php(476): WP_Hook->do_action(Array)
#2 C:\xampp\htdocs\Sethtronics\wp-admin\admin.php(237): do_action('load-toplevel_p...')
#3 {main}
  thrown in C:\xampp\htdocs\Sethtronics\wp-includes\class-wp-hook.php on line 307

