2022-06-28T02:27:07+00:00 CRITICAL Uncaught TypeError: call_user_func(): Argument #1 ($callback) must be a valid callback, class Inc\Api\Callbacks\AdminCallbacks does not have a method "dmsAdminSection" in C:\xampp\htdocs\Sethtronics\wp-admin\includes\template.php:1700
Stack trace:
#0 C:\xampp\htdocs\Sethtronics\wp-content\plugins\dms-plugin\templates\dp.php(16): do_settings_sections('dms_plugin')
#1 C:\xampp\htdocs\Sethtronics\wp-content\plugins\dms-plugin\includes\Api\Callbacks\AdminCallbacks.php(20): require_once('C:\\xampp\\htdocs...')
#2 C:\xampp\htdocs\Sethtronics\wp-includes\class-wp-hook.php(307): Inc\Api\Callbacks\AdminCallbacks->adminDP('')
#3 C:\xampp\htdocs\Sethtronics\wp-includes\class-wp-hook.php(331): WP_Hook->apply_filters('', Array)
#4 C:\xampp\htdocs\Sethtronics\wp-includes\plugin.php(476): WP_Hook->do_action(Array)
#5 C:\xampp\htdocs\Sethtronics\wp-admin\admin.php(259): do_action('dms_page_dms_dp')
#6 {main}
  thrown in C:\xampp\htdocs\Sethtronics\wp-admin\includes\template.php on line 1700

2022-06-28T02:30:31+00:00 CRITICAL Uncaught TypeError: call_user_func(): Argument #1 ($callback) must be a valid callback, class Inc\Api\Callbacks\AdminCallbacks does not have a method "dmsAdminSection" in C:\xampp\htdocs\Sethtronics\wp-admin\includes\template.php:1700
Stack trace:
#0 C:\xampp\htdocs\Sethtronics\wp-content\plugins\dms-plugin\templates\dp.php(16): do_settings_sections('dms_plugin')
#1 C:\xampp\htdocs\Sethtronics\wp-content\plugins\dms-plugin\includes\Api\Callbacks\AdminCallbacks.php(20): require_once('C:\\xampp\\htdocs...')
#2 C:\xampp\htdocs\Sethtronics\wp-includes\class-wp-hook.php(307): Inc\Api\Callbacks\AdminCallbacks->adminDP('')
#3 C:\xampp\htdocs\Sethtronics\wp-includes\class-wp-hook.php(331): WP_Hook->apply_filters('', Array)
#4 C:\xampp\htdocs\Sethtronics\wp-includes\plugin.php(476): WP_Hook->do_action(Array)
#5 C:\xampp\htdocs\Sethtronics\wp-admin\admin.php(259): do_action('dms_page_dms_dp')
#6 {main}
  thrown in C:\xampp\htdocs\Sethtronics\wp-admin\includes\template.php on line 1700

2022-06-28T02:30:51+00:00 CRITICAL Uncaught TypeError: call_user_func(): Argument #1 ($callback) must be a valid callback, class Inc\Api\Callbacks\AdminCallbacks does not have a method "dmsAdminSection" in C:\xampp\htdocs\Sethtronics\wp-admin\includes\template.php:1700
Stack trace:
#0 C:\xampp\htdocs\Sethtronics\wp-content\plugins\dms-plugin\templates\dp.php(16): do_settings_sections('dms_plugin')
#1 C:\xampp\htdocs\Sethtronics\wp-content\plugins\dms-plugin\includes\Api\Callbacks\AdminCallbacks.php(20): require_once('C:\\xampp\\htdocs...')
#2 C:\xampp\htdocs\Sethtronics\wp-includes\class-wp-hook.php(307): Inc\Api\Callbacks\AdminCallbacks->adminDP('')
#3 C:\xampp\htdocs\Sethtronics\wp-includes\class-wp-hook.php(331): WP_Hook->apply_filters('', Array)
#4 C:\xampp\htdocs\Sethtronics\wp-includes\plugin.php(476): WP_Hook->do_action(Array)
#5 C:\xampp\htdocs\Sethtronics\wp-admin\admin.php(259): do_action('dms_page_dms_dp')
#6 {main}
  thrown in C:\xampp\htdocs\Sethtronics\wp-admin\includes\template.php on line 1700

2022-06-28T02:31:03+00:00 CRITICAL Uncaught TypeError: call_user_func(): Argument #1 ($callback) must be a valid callback, class Inc\Api\Callbacks\AdminCallbacks does not have a method "dmsAdminSection" in C:\xampp\htdocs\Sethtronics\wp-admin\includes\template.php:1700
Stack trace:
#0 C:\xampp\htdocs\Sethtronics\wp-content\plugins\dms-plugin\templates\dp.php(16): do_settings_sections('dms_plugin')
#1 C:\xampp\htdocs\Sethtronics\wp-content\plugins\dms-plugin\includes\Api\Callbacks\AdminCallbacks.php(20): require_once('C:\\xampp\\htdocs...')
#2 C:\xampp\htdocs\Sethtronics\wp-includes\class-wp-hook.php(307): Inc\Api\Callbacks\AdminCallbacks->adminDP('')
#3 C:\xampp\htdocs\Sethtronics\wp-includes\class-wp-hook.php(331): WP_Hook->apply_filters('', Array)
#4 C:\xampp\htdocs\Sethtronics\wp-includes\plugin.php(476): WP_Hook->do_action(Array)
#5 C:\xampp\htdocs\Sethtronics\wp-admin\admin.php(259): do_action('dms_page_dms_dp')
#6 {main}
  thrown in C:\xampp\htdocs\Sethtronics\wp-admin\includes\template.php on line 1700

2022-06-28T02:59:24+00:00 CRITICAL Uncaught TypeError: call_user_func(): Argument #1 ($callback) must be a valid callback, class Inc\Api\Callbacks\AdminCallbacks does not have a method "dmsAdminSection" in C:\xampp\htdocs\Sethtronics\wp-admin\includes\template.php:1700
Stack trace:
#0 C:\xampp\htdocs\Sethtronics\wp-content\plugins\dms-plugin\templates\dp.php(16): do_settings_sections('dms_plugin')
#1 C:\xampp\htdocs\Sethtronics\wp-content\plugins\dms-plugin\includes\Api\Callbacks\AdminCallbacks.php(20): require_once('C:\\xampp\\htdocs...')
#2 C:\xampp\htdocs\Sethtronics\wp-includes\class-wp-hook.php(307): Inc\Api\Callbacks\AdminCallbacks->adminDP('')
#3 C:\xampp\htdocs\Sethtronics\wp-includes\class-wp-hook.php(331): WP_Hook->apply_filters('', Array)
#4 C:\xampp\htdocs\Sethtronics\wp-includes\plugin.php(476): WP_Hook->do_action(Array)
#5 C:\xampp\htdocs\Sethtronics\wp-admin\admin.php(259): do_action('dms_page_dms_dp')
#6 {main}
  thrown in C:\xampp\htdocs\Sethtronics\wp-admin\includes\template.php on line 1700

2022-06-28T06:23:31+00:00 CRITICAL Uncaught TypeError: call_user_func(): Argument #1 ($callback) must be a valid callback, class Inc\Api\Callbacks\AdminCallbacks does not have a method "dmsAdminSection" in C:\xampp\htdocs\Sethtronics\wp-admin\includes\template.php:1700
Stack trace:
#0 C:\xampp\htdocs\Sethtronics\wp-content\plugins\dms-plugin\templates\dp.php(16): do_settings_sections('dms_plugin')
#1 C:\xampp\htdocs\Sethtronics\wp-content\plugins\dms-plugin\includes\Api\Callbacks\AdminCallbacks.php(20): require_once('C:\\xampp\\htdocs...')
#2 C:\xampp\htdocs\Sethtronics\wp-includes\class-wp-hook.php(307): Inc\Api\Callbacks\AdminCallbacks->adminDP('')
#3 C:\xampp\htdocs\Sethtronics\wp-includes\class-wp-hook.php(331): WP_Hook->apply_filters('', Array)
#4 C:\xampp\htdocs\Sethtronics\wp-includes\plugin.php(476): WP_Hook->do_action(Array)
#5 C:\xampp\htdocs\Sethtronics\wp-admin\admin.php(259): do_action('dms_page_dms_dp')
#6 {main}
  thrown in C:\xampp\htdocs\Sethtronics\wp-admin\includes\template.php on line 1700

