2022-06-25T13:38:34+00:00 CRITICAL Uncaught Error: Undefined constant "DMS_PLUGIN_URL" in C:\xampp\htdocs\Sethtronics\wp-content\plugins\dms-plugin\templates\admin.php:7
Stack trace:
#0 C:\xampp\htdocs\Sethtronics\wp-content\plugins\dms-plugin\includes\Api\Callbacks\AdminCallbacks.php(15): require_once()
#1 C:\xampp\htdocs\Sethtronics\wp-includes\class-wp-hook.php(307): Inc\Api\Callbacks\AdminCallbacks->adminDashboard('')
#2 C:\xampp\htdocs\Sethtronics\wp-includes\class-wp-hook.php(331): WP_Hook->apply_filters('', Array)
#3 C:\xampp\htdocs\Sethtronics\wp-includes\plugin.php(476): WP_Hook->do_action(Array)
#4 C:\xampp\htdocs\Sethtronics\wp-admin\admin.php(259): do_action('toplevel_page_d...')
#5 {main}
  thrown in C:\xampp\htdocs\Sethtronics\wp-content\plugins\dms-plugin\templates\admin.php on line 7

2022-06-25T13:38:39+00:00 CRITICAL Uncaught Error: Undefined constant "DMS_PLUGIN_URL" in C:\xampp\htdocs\Sethtronics\wp-content\plugins\dms-plugin\templates\admin.php:7
Stack trace:
#0 C:\xampp\htdocs\Sethtronics\wp-content\plugins\dms-plugin\includes\Api\Callbacks\AdminCallbacks.php(15): require_once()
#1 C:\xampp\htdocs\Sethtronics\wp-includes\class-wp-hook.php(307): Inc\Api\Callbacks\AdminCallbacks->adminDashboard('')
#2 C:\xampp\htdocs\Sethtronics\wp-includes\class-wp-hook.php(331): WP_Hook->apply_filters('', Array)
#3 C:\xampp\htdocs\Sethtronics\wp-includes\plugin.php(476): WP_Hook->do_action(Array)
#4 C:\xampp\htdocs\Sethtronics\wp-admin\admin.php(259): do_action('toplevel_page_d...')
#5 {main}
  thrown in C:\xampp\htdocs\Sethtronics\wp-content\plugins\dms-plugin\templates\admin.php on line 7

2022-06-25T13:38:44+00:00 CRITICAL Uncaught Error: Undefined constant "DMS_PLUGIN_URL" in C:\xampp\htdocs\Sethtronics\wp-content\plugins\dms-plugin\templates\admin.php:7
Stack trace:
#0 C:\xampp\htdocs\Sethtronics\wp-content\plugins\dms-plugin\includes\Api\Callbacks\AdminCallbacks.php(15): require_once()
#1 C:\xampp\htdocs\Sethtronics\wp-includes\class-wp-hook.php(307): Inc\Api\Callbacks\AdminCallbacks->adminDashboard('')
#2 C:\xampp\htdocs\Sethtronics\wp-includes\class-wp-hook.php(331): WP_Hook->apply_filters('', Array)
#3 C:\xampp\htdocs\Sethtronics\wp-includes\plugin.php(476): WP_Hook->do_action(Array)
#4 C:\xampp\htdocs\Sethtronics\wp-admin\admin.php(259): do_action('toplevel_page_d...')
#5 {main}
  thrown in C:\xampp\htdocs\Sethtronics\wp-content\plugins\dms-plugin\templates\admin.php on line 7

